17:27:53,375 INFO  [ServerImpl] Starting JBoss (Microcontainer)...
17:27:53,390 INFO  [ServerImpl] Release ID: JBoss [The Oracle] 5.1.0.GA (build: SVNTag=JBoss_5_1_0_GA date=200905221053)
17:27:53,390 DEBUG [ServerImpl] Using config: org.jboss.bootstrap.BaseServerConfig@a8c488
17:27:53,390 DEBUG [ServerImpl] Server type: class org.jboss.bootstrap.microcontainer.ServerImpl
17:27:53,390 DEBUG [ServerImpl] Server loaded through: org.jboss.bootstrap.NoAnnotationURLClassLoader
17:27:53,390 INFO  [ServerImpl] Bootstrap URL: null
17:27:53,390 INFO  [ServerImpl] Home Dir: F:\Coti Informatica\workspace-coti\jboss-5.1.0.GA
17:27:53,390 INFO  [ServerImpl] Home URL: file:/F:/Coti%20Informatica/workspace-coti/jboss-5.1.0.GA/
17:27:53,390 INFO  [ServerImpl] Library URL: file:/F:/Coti%20Informatica/workspace-coti/jboss-5.1.0.GA/lib/
17:27:53,390 INFO  [ServerImpl] Patch URL: null
17:27:53,390 INFO  [ServerImpl] Common Base URL: file:/F:/Coti%20Informatica/workspace-coti/jboss-5.1.0.GA/common/
17:27:53,390 INFO  [ServerImpl] Common Library URL: file:/F:/Coti%20Informatica/workspace-coti/jboss-5.1.0.GA/common/lib/
17:27:53,390 INFO  [ServerImpl] Server Name: default
17:27:53,390 INFO  [ServerImpl] Server Base Dir: F:\Coti Informatica\workspace-coti\jboss-5.1.0.GA\server
17:27:53,390 INFO  [ServerImpl] Server Base URL: file:/F:/Coti%20Informatica/workspace-coti/jboss-5.1.0.GA/server/
17:27:53,390 INFO  [ServerImpl] Server Config URL: file:/F:/Coti%20Informatica/workspace-coti/jboss-5.1.0.GA/server/default/conf/
17:27:53,390 INFO  [ServerImpl] Server Home Dir: F:\Coti Informatica\workspace-coti\jboss-5.1.0.GA\server\default
17:27:53,390 INFO  [ServerImpl] Server Home URL: file:/F:/Coti%20Informatica/workspace-coti/jboss-5.1.0.GA/server/default/
17:27:53,390 INFO  [ServerImpl] Server Data Dir: F:\Coti Informatica\workspace-coti\jboss-5.1.0.GA\server\default\data
17:27:53,390 INFO  [ServerImpl] Server Library URL: file:/F:/Coti%20Informatica/workspace-coti/jboss-5.1.0.GA/server/default/lib/
17:27:53,390 INFO  [ServerImpl] Server Log Dir: F:\Coti Informatica\workspace-coti\jboss-5.1.0.GA\server\default\log
17:27:53,390 INFO  [ServerImpl] Server Native Dir: F:\Coti Informatica\workspace-coti\jboss-5.1.0.GA\server\default\tmp\native
17:27:53,390 INFO  [ServerImpl] Server Temp Dir: F:\Coti Informatica\workspace-coti\jboss-5.1.0.GA\server\default\tmp
17:27:53,390 INFO  [ServerImpl] Server Temp Deploy Dir: F:\Coti Informatica\workspace-coti\jboss-5.1.0.GA\server\default\tmp\deploy
17:27:53,390 DEBUG [ServerImpl] Shutdown hook added Thread[JBoss Shutdown Hook,5,jboss]
17:27:53,421 DEBUG [KernelFactory] Starting JBoss Kernel construction...
17:27:53,609 DEBUG [KernelFactory] Completed JBoss Kernel construction.  Duration: 188 milliseconds
17:27:54,156 DEBUG [ServerImpl] Already in start, ignoring duplicate start
17:27:54,156 INFO  [ServerImpl] Starting Microcontainer, bootstrapURL=file:/F:/Coti%20Informatica/workspace-coti/jboss-5.1.0.GA/server/default/conf/bootstrap.xml
17:27:54,218 DEBUG [SaxJBossXBParser] Created parser: com.sun.org.apache.xerces.internal.jaxp.SAXParserImpl@6779e6, isNamespaceAware: true, isValidating: true, isXIncludeAware: true
17:27:54,218 DEBUG [SaxJBossXBParser] http://xml.org/sax/features/validation set to: true
17:27:54,218 DEBUG [SaxJBossXBParser] http://xml.org/sax/features/namespaces set to: true
17:27:54,218 DEBUG [SaxJBossXBParser] http://apache.org/xml/features/validation/dynamic set to: true
17:27:54,281 DEBUG [SaxJBossXBParser] Created parser: com.sun.org.apache.xerces.internal.jaxp.SAXParserImpl@6779e6, isNamespaceAware: true, isValidating: true, isXIncludeAware: true
17:27:54,296 DEBUG [ServerImpl] BootstrapURLs=[bootstrap/logging.xml, bootstrap/vfs.xml, bootstrap/classloader.xml, bootstrap/aop.xml, bootstrap/jmx.xml, bootstrap/deployers.xml, bootstrap/profile.xml]
17:27:54,312 DEBUG [ServerImpl] Deploying bootstrap xml:bootstrap/logging.xml
17:27:54,312 DEBUG [SaxJBossXBParser] Created parser: com.sun.org.apache.xerces.internal.jaxp.SAXParserImpl@19ec4ed, isNamespaceAware: true, isValidating: true, isXIncludeAware: true
17:27:54,312 DEBUG [SaxJBossXBParser] http://xml.org/sax/features/validation set to: true
17:27:54,312 DEBUG [SaxJBossXBParser] http://xml.org/sax/features/namespaces set to: true
17:27:54,312 DEBUG [SaxJBossXBParser] http://apache.org/xml/features/validation/dynamic set to: true
17:27:54,312 DEBUG [SaxJBossXBParser] Created parser: com.sun.org.apache.xerces.internal.jaxp.SAXParserImpl@19ec4ed, isNamespaceAware: true, isValidating: true, isXIncludeAware: true
17:27:54,359 DEBUG [ServerImpl] Failed to start
org.jboss.xb.binding.JBossXBException: Failed to parse source: file:/F:/Coti%20Informatica/workspace-coti/jboss-5.1.0.GA/server/default/conf/bootstrap/logging.xml@6,49
	at org.jboss.xb.binding.parser.sax.SaxJBossXBParser.parse(SaxJBossXBParser.java:177)
	at org.jboss.xb.binding.UnmarshallerImpl.unmarshal(UnmarshallerImpl.java:147)
	at org.jboss.bootstrap.microcontainer.TempBasicXMLDeployer.deploy(TempBasicXMLDeployer.java:150)
	at org.jboss.bootstrap.microcontainer.ServerImpl.doStart(ServerImpl.java:138)
	at org.jboss.bootstrap.AbstractServerImpl.start(AbstractServerImpl.java:450)
	at org.jboss.Main.boot(Main.java:221)
	at org.jboss.Main$1.run(Main.java:556)
	at java.lang.Thread.run(Thread.java:595)
Caused by: java.lang.NoClassDefFoundError: javax/xml/bind/annotation/XmlNsForm
	at org.jboss.xb.builder.JBossXBNoSchemaBuilder.<init>(JBossXBNoSchemaBuilder.java:164)
	at org.jboss.xb.builder.JBossXBBuilder.build(JBossXBBuilder.java:288)
	at org.jboss.xb.builder.JBossXBBuilder.build(JBossXBBuilder.java:181)
	at org.jboss.xb.builder.JBossXBBuilder.build(JBossXBBuilder.java:160)
	at org.jboss.xb.binding.resolver.AbstractMutableSchemaResolver.resolve(AbstractMutableSchemaResolver.java:261)
	at org.jboss.xb.binding.sunday.unmarshalling.SundayContentHandler.startElement(SundayContentHandler.java:274)
	at org.jboss.xb.binding.parser.sax.SaxJBossXBParser$DelegatingContentHandler.startElement(SaxJBossXBParser.java:401)
	at com.sun.org.apache.xerces.internal.parsers.AbstractSAXParser.startElement(AbstractSAXParser.java:533)
	at com.sun.org.apache.xerces.internal.xinclude.XIncludeHandler.startElement(XIncludeHandler.java:715)
	at com.sun.org.apache.xerces.internal.impl.XMLNSDocumentScannerImpl.scanStartElement(XMLNSDocumentScannerImpl.java:330)
	at com.sun.org.apache.xerces.internal.impl.XMLNSDocumentScannerImpl$NSContentDispatcher.scanRootElementHook(XMLNSDocumentScannerImpl.java:779)
	at com.sun.org.apache.xerces.internal.impl.XMLDocumentFragmentScannerImpl$FragmentContentDispatcher.dispatch(XMLDocumentFragmentScannerImpl.java:1794)
	at com.sun.org.apache.xerces.internal.impl.XMLDocumentFragmentScannerImpl.scanDocument(XMLDocumentFragmentScannerImpl.java:368)
	at com.sun.org.apache.xerces.internal.parsers.XML11Configuration.parse(XML11Configuration.java:834)
	at com.sun.org.apache.xerces.internal.parsers.XML11Configuration.parse(XML11Configuration.java:764)
	at com.sun.org.apache.xerces.internal.parsers.XMLParser.parse(XMLParser.java:148)
	at com.sun.org.apache.xerces.internal.parsers.AbstractSAXParser.parse(AbstractSAXParser.java:1168)
	at org.jboss.xb.binding.parser.sax.SaxJBossXBParser.parse(SaxJBossXBParser.java:173)
	... 7 more
17:27:54,390 INFO  [ServerImpl] Runtime shutdown hook called, forceHalt: true
17:27:54,390 INFO  [ServerImpl] Shutdown complete
